<?xml version="1.0" encoding="UTF-8"?>
<!-- Generated by org.testng.reporters.JUnitReportReporter -->
<testsuite hostname="DESKTOP-I0D03FD" failures="0" tests="1" name="TestPackage.classFirst" time="7.466" errors="0" timestamp="04 May 2018 14:27:48 GMT" skipped="0">
  <testcase classname="TestPackage.classFirst" name="login" time="7.466"/>
</testsuite> <!-- TestPackage.classFirst -->
