<?xml version="1.0" encoding="UTF-8"?>
<!-- Generated by org.testng.reporters.JUnitReportReporter -->
<testsuite hostname="DESKTOP-I0D03FD" failures="0" tests="1" name="TestPackage.classSignup" time="8.318" errors="0" timestamp="07 May 2018 15:02:35 GMT" skipped="0">
  <testcase classname="TestPackage.classSignup" name="startTest" time="8.318"/>
</testsuite> <!-- TestPackage.classSignup -->
