<?xml version="1.0" encoding="UTF-8"?>
<!-- Generated by org.testng.reporters.JUnitReportReporter -->
<testsuite hostname="DESKTOP-I0D03FD" failures="0" tests="5" name="TestPackage.classLogin" time="173.778" errors="0" timestamp="07 May 2018 14:22:41 GMT" skipped="0">
  <testcase classname="TestPackage.classLogin" name="InitBrowser" time="108.490"/>
  <testcase classname="TestPackage.classLogin" name="InitBrowser1" time="15.500"/>
  <testcase classname="TestPackage.classLogin" name="InitBrowser2" time="21.652"/>
  <testcase classname="TestPackage.classLogin" name="InitBrowser3" time="9.342"/>
  <testcase classname="TestPackage.classLogin" name="InitBrowser4" time="18.794"/>
</testsuite> <!-- TestPackage.classLogin -->
