<?xml version="1.0" encoding="UTF-8"?>
<!-- Generated by org.testng.reporters.JUnitReportReporter -->
<testsuite hostname="DESKTOP-I0D03FD" failures="0" tests="1" name="TestPackage.CreateStudyGroup" time="35.428" errors="0" timestamp="10 May 2018 14:19:01 GMT" skipped="0">
  <testcase classname="TestPackage.CreateStudyGroup" name="CreateGroup" time="35.428"/>
</testsuite> <!-- TestPackage.CreateStudyGroup -->
